  Source.cpp
D:\CV\Task4\Mean_Shift_Color\Source.cpp(99,22): warning C4244: '=': conversion from 'double' to 'int', possible loss of data
D:\CV\Task4\Mean_Shift_Color\Source.cpp(121,51): warning C4267: 'argument': conversion from 'size_t' to '_Ty', possible loss of data
          with
          [
              _Ty=int
          ]
D:\CV\Task4\Mean_Shift_Color\Source.cpp(122,51): warning C4267: 'argument': conversion from 'size_t' to '_Ty', possible loss of data
          with
          [
              _Ty=int
          ]
D:\CV\Task4\Mean_Shift_Color\Source.cpp(123,51): warning C4267: 'argument': conversion from 'size_t' to '_Ty', possible loss of data
          with
          [
              _Ty=int
          ]
D:\CV\Task4\Mean_Shift_Color\Source.cpp(187,19): warning C4244: 'initializing': conversion from '__int64' to 'int', possible loss of data
D:\CV\Task4\Mean_Shift_Color\Source.cpp(44,60): warning C4101: 'color': unreferenced local variable
  Mean_Shift_Color.vcxproj -> D:\CV\Task4\Mean_Shift_Color\x64\Debug\Mean_Shift_Color.exe
